Using pre-set license
Built from '2022.3/staging' branch; Version is '2022.3.45f1 (a13dfa44d684) revision 10567162'; Using compiler version '192829333'; Build Type 'Release'
OS: 'Windows 10  (10.0.19045) 64bit Core' Language: 'ko' Physical Memory: 65323 MB
BatchMode: 1, IsHumanControllingUs: 0, StartBugReporterOnCrash: 0, Is64bit: 1, IsPro: 1

COMMAND LINE ARGUMENTS:
C:\Program Files\Unity\Hub\Editor\2022.3.45f1\Editor\Unity.exe
-adb2
-batchMode
-noUpm
-name
AssetImportWorker0
-projectPath
C:/Users/user/Documents/Blocks/Block
-logFile
Logs/AssetImportWorker0.log
-srvPort
58836
Successfully changed project path to: C:/Users/user/Documents/Blocks/Block
C:/Users/user/Documents/Blocks/Block
[UnityMemory] Configuration Parameters - Can be set up in boot.config
    "memorysetup-bucket-allocator-granularity=16"
    "memorysetup-bucket-allocator-bucket-count=8"
    "memorysetup-bucket-allocator-block-size=33554432"
    "memorysetup-bucket-allocator-block-count=8"
    "memorysetup-main-allocator-block-size=16777216"
    "memorysetup-thread-allocator-block-size=16777216"
    "memorysetup-gfx-main-allocator-block-size=16777216"
    "memorysetup-gfx-thread-allocator-block-size=16777216"
    "memorysetup-cache-allocator-block-size=4194304"
    "memorysetup-typetree-allocator-block-size=2097152"
    "memorysetup-profiler-bucket-allocator-granularity=16"
    "memorysetup-profiler-bucket-allocator-bucket-count=8"
    "memorysetup-profiler-bucket-allocator-block-size=33554432"
    "memorysetup-profiler-bucket-allocator-block-count=8"
    "memorysetup-profiler-allocator-block-size=16777216"
    "memorysetup-profiler-editor-allocator-block-size=1048576"
    "memorysetup-temp-allocator-size-main=16777216"
    "memorysetup-job-temp-allocator-block-size=2097152"
    "memorysetup-job-temp-allocator-block-size-background=1048576"
    "memorysetup-job-temp-allocator-reduction-small-platforms=262144"
    "memorysetup-allocator-temp-initial-block-size-main=262144"
    "memorysetup-allocator-temp-initial-block-size-worker=262144"
    "memorysetup-temp-allocator-size-background-worker=32768"
    "memorysetup-temp-allocator-size-job-worker=262144"
    "memorysetup-temp-allocator-size-preload-manager=33554432"
    "memorysetup-temp-allocator-size-nav-mesh-worker=65536"
    "memorysetup-temp-allocator-size-audio-worker=65536"
    "memorysetup-temp-allocator-size-cloud-worker=32768"
    "memorysetup-temp-allocator-size-gi-baking-worker=262144"
    "memorysetup-temp-allocator-size-gfx=262144"
Player connection [31572]  Target information:

Player connection [31572]  * "[IP] 192.168.1.106 [Port] 0 [Flags] 2 [Guid] 168139367 [EditorId] 168139367 [Version] 1048832 [Id] WindowsEditor(7,DESKTOP-0AHCGDV) [Debug] 1 [PackageName] WindowsEditor [ProjectName] Editor" 

Player connection [31572] Host joined multi-casting on [225.0.0.222:54997]...
Player connection [31572] Host joined alternative multi-casting on [225.0.0.222:34997]...
[PhysX] Initialized MultithreadedTaskDispatcher with 24 workers.
Refreshing native plugins compatible for Editor in 45.98 ms, found 7 plugins.
Preloading 0 native plugins for Editor in 0.00 ms.
Initialize engine version: 2022.3.45f1 (a13dfa44d684)
[Subsystems] Discovering subsystems at path C:/Program Files/Unity/Hub/Editor/2022.3.45f1/Editor/Data/Resources/UnitySubsystems
[Subsystems] Discovering subsystems at path C:/Users/user/Documents/Blocks/Block/Assets
GfxDevice: creating device client; threaded=0; jobified=0
Direct3D:
    Version:  Direct3D 11.0 [level 11.1]
    Renderer: NVIDIA GeForce RTX 3060 (ID=0x2504)
    Vendor:   NVIDIA
    VRAM:     12115 MB
    Driver:   32.0.15.6094
Initialize mono
Mono path[0] = 'C:/Program Files/Unity/Hub/Editor/2022.3.45f1/Editor/Data/Managed'
Mono path[1] = 'C:/Program Files/Unity/Hub/Editor/2022.3.45f1/Editor/Data/MonoBleedingEdge/lib/mono/unityjit-win32'
Mono config path = 'C:/Program Files/Unity/Hub/Editor/2022.3.45f1/Editor/Data/MonoBleedingEdge/etc'
Using monoOptions --debugger-agent=transport=dt_socket,embedding=1,server=y,suspend=n,address=127.0.0.1:56868
Begin MonoManager ReloadAssembly
Registering precompiled unity dll's ...
Register platform support module: C:/Program Files/Unity/Hub/Editor/2022.3.45f1/Editor/Data/PlaybackEngines/WindowsStandaloneSupport/UnityEditor.WindowsStandalone.Extensions.dll
Registered in 0.018603 seconds.
- Loaded All Assemblies, in  0.414 seconds
Native extension for WindowsStandalone target not found
Mono: successfully reloaded assembly
- Finished resetting the current domain, in  0.284 seconds
Domain Reload Profiling: 694ms
	BeginReloadAssembly (136ms)
		ExecutionOrderSort (0ms)
		DisableScriptedObjects (0ms)
		BackupInstance (0ms)
		ReleaseScriptingObjects (0ms)
		CreateAndSetChildDomain (1ms)
	RebuildCommonClasses (36ms)
	RebuildNativeTypeToScriptingClass (13ms)
	initialDomainReloadingComplete (82ms)
	LoadAllAssembliesAndSetupDomain (142ms)
		LoadAssemblies (130ms)
		RebuildTransferFunctionScriptingTraits (0ms)
		AnalyzeDomain (140ms)
			TypeCache.Refresh (139ms)
				TypeCache.ScanAssembly (125ms)
			ScanForSourceGeneratedMonoScriptInfo (0ms)
			ResolveRequiredComponents (0ms)
	FinalizeReload (285ms)
		ReleaseScriptCaches (0ms)
		RebuildScriptCaches (0ms)
		SetupLoadedEditorAssemblies (236ms)
			LogAssemblyErrors (0ms)
			InitializePlatformSupportModulesInManaged (14ms)
			SetLoadedEditorAssemblies (5ms)
			RefreshPlugins (0ms)
			BeforeProcessingInitializeOnLoad (1ms)
			ProcessInitializeOnLoadAttributes (154ms)
			ProcessInitializeOnLoadMethodAttributes (62ms)
			AfterProcessingInitializeOnLoad (0ms)
			EditorAssembliesLoaded (0ms)
		ExecutionOrderSort2 (0ms)
		AwakeInstancesAfterBackupRestoration (0ms)
========================================================================
Worker process is ready to serve import requests
Caller must complete domain reload
Begin MonoManager ReloadAssembly
Assembly 'Assets/ExternalDependencyManager/Editor/1.2.183/Google.IOSResolver.dll' will not be loaded due to errors:
Unable to resolve reference 'UnityEditor.iOS.Extensions.Xcode'. Is the assembly missing or incompatible with the current platform?
Reference validation can be disabled in the Plugin Inspector.
Assembly 'Assets/Firebase/Editor/Firebase.Editor.dll' will not be loaded due to errors:
Unable to resolve reference 'UnityEditor.iOS.Extensions.Xcode'. Is the assembly missing or incompatible with the current platform?
Reference validation can be disabled in the Plugin Inspector.
- Loaded All Assemblies, in  0.891 seconds
Native extension for WindowsStandalone target not found
Mono: successfully reloaded assembly
- Finished resetting the current domain, in  0.793 seconds
Domain Reload Profiling: 1675ms
	BeginReloadAssembly (144ms)
		ExecutionOrderSort (0ms)
		DisableScriptedObjects (6ms)
		BackupInstance (0ms)
		ReleaseScriptingObjects (0ms)
		CreateAndSetChildDomain (18ms)
	RebuildCommonClasses (36ms)
	RebuildNativeTypeToScriptingClass (12ms)
	initialDomainReloadingComplete (65ms)
	LoadAllAssembliesAndSetupDomain (625ms)
		LoadAssemblies (479ms)
		RebuildTransferFunctionScriptingTraits (0ms)
		AnalyzeDomain (226ms)
			TypeCache.Refresh (186ms)
				TypeCache.ScanAssembly (168ms)
			ScanForSourceGeneratedMonoScriptInfo (28ms)
			ResolveRequiredComponents (11ms)
	FinalizeReload (794ms)
		ReleaseScriptCaches (0ms)
		RebuildScriptCaches (0ms)
		SetupLoadedEditorAssemblies (623ms)
			LogAssemblyErrors (0ms)
			InitializePlatformSupportModulesInManaged (9ms)
			SetLoadedEditorAssemblies (4ms)
			RefreshPlugins (0ms)
			BeforeProcessingInitializeOnLoad (100ms)
			ProcessInitializeOnLoadAttributes (411ms)
			ProcessInitializeOnLoadMethodAttributes (84ms)
			AfterProcessingInitializeOnLoad (16ms)
			EditorAssembliesLoaded (0ms)
		ExecutionOrderSort2 (0ms)
		AwakeInstancesAfterBackupRestoration (15ms)
Launched and connected shader compiler UnityShaderCompiler.exe after 0.06 seconds
Refreshing native plugins compatible for Editor in 20.79 ms, found 7 plugins.
Preloading 0 native plugins for Editor in 0.00 ms.
Unloading 5741 Unused Serialized files (Serialized files now loaded: 0)
Unloading 47 unused Assets / (351.0 KB). Loaded Objects now: 6211.
Memory consumption went from 222.1 MB to 221.8 MB.
Total: 4.078000 ms (FindLiveObjects: 0.722800 ms CreateObjectMapping: 0.197600 ms MarkObjects: 2.979700 ms  DeleteObjects: 0.176400 ms)

AssetImportParameters requested are different than current active one (requested -> active):
  custom:container-demuxer-ogg: 62fdf1f143b41e24485cea50d1cbac27 -> 
  custom:video-decoder-ogg-theora: a1e56fd34408186e4bbccfd4996cb3dc -> 
  custom:framework-win-MediaFoundation: 216162199b28c13a410421893ffa2e32 -> 
  custom:CustomObjectIndexerAttribute: 72b91833f83ae208fae7752999fa3104 -> 
  custom:container-demuxer-webm: 4f35f7cbe854078d1ac9338744f61a02 -> 
  custom:container-muxer-webm: aa71ff27fc2769a1b78a27578f13a17b -> 
  custom:video-decoder-webm-vp8: 9c59270c3fd7afecdb556c50c9e8de78 -> 
  custom:SearchIndexIgnoredProperties: e643bd26f0fe6173181afceb89e7c659 -> 
  custom:AudioImporter_EditorPlatform: d09bf68614088b80899f8185d706f6e7 -> 
  custom:video-encoder-webm-vp8: eb34c28f22e8b96e1ab97ce403110664 -> 
  custom:audio-decoder-ogg-vorbis: bf7c407c2cedff20999df2af8eb42d56 -> 
  custom:audio-encoder-webm-vorbis: bf7c407c2cedff20999df2af8eb42d56 -> 
========================================================================
Received Import Request.
  Time since last request: 27626.717017 seconds.
  path: Assets/Resources/Shapes/New Shape Data.asset
  artifactKey: Guid(a940d66c68b714c44abb5e9bd2829925) Importer(815301076,1909f56bfc062723c751e8b465ee728b)
Start importing Assets/Resources/Shapes/New Shape Data.asset using Guid(a940d66c68b714c44abb5e9bd2829925) Importer(815301076,1909f56bfc062723c751e8b465ee728b) [PhysX] Initialized MultithreadedTaskDispatcher with 24 workers.
 -> (artifact id: 'af2473f5ed267bd708a8169029462566') in 0.023695 seconds
Number of updated asset objects reloaded before import = 0
Number of asset objects unloaded after import = 1
========================================================================
Received Prepare
Caller must complete domain reload
Begin MonoManager ReloadAssembly
Assembly 'Assets/ExternalDependencyManager/Editor/1.2.183/Google.IOSResolver.dll' will not be loaded due to errors:
Unable to resolve reference 'UnityEditor.iOS.Extensions.Xcode'. Is the assembly missing or incompatible with the current platform?
Reference validation can be disabled in the Plugin Inspector.
Assembly 'Assets/Firebase/Editor/Firebase.Editor.dll' will not be loaded due to errors:
Unable to resolve reference 'UnityEditor.iOS.Extensions.Xcode'. Is the assembly missing or incompatible with the current platform?
Reference validation can be disabled in the Plugin Inspector.
- Loaded All Assemblies, in  1.773 seconds
Native extension for WindowsStandalone target not found
Mono: successfully reloaded assembly
- Finished resetting the current domain, in  0.788 seconds
Domain Reload Profiling: 2551ms
	BeginReloadAssembly (1221ms)
		ExecutionOrderSort (0ms)
		DisableScriptedObjects (1035ms)
		BackupInstance (0ms)
		ReleaseScriptingObjects (0ms)
		CreateAndSetChildDomain (36ms)
	RebuildCommonClasses (33ms)
	RebuildNativeTypeToScriptingClass (12ms)
	initialDomainReloadingComplete (52ms)
	LoadAllAssembliesAndSetupDomain (445ms)
		LoadAssemblies (503ms)
		RebuildTransferFunctionScriptingTraits (0ms)
		AnalyzeDomain (48ms)
			TypeCache.Refresh (11ms)
				TypeCache.ScanAssembly (1ms)
			ScanForSourceGeneratedMonoScriptInfo (23ms)
			ResolveRequiredComponents (13ms)
	FinalizeReload (788ms)
		ReleaseScriptCaches (0ms)
		RebuildScriptCaches (0ms)
		SetupLoadedEditorAssemblies (589ms)
			LogAssemblyErrors (0ms)
			InitializePlatformSupportModulesInManaged (10ms)
			SetLoadedEditorAssemblies (3ms)
			RefreshPlugins (0ms)
			BeforeProcessingInitializeOnLoad (107ms)
			ProcessInitializeOnLoadAttributes (376ms)
			ProcessInitializeOnLoadMethodAttributes (75ms)
			AfterProcessingInitializeOnLoad (18ms)
			EditorAssembliesLoaded (0ms)
		ExecutionOrderSort2 (0ms)
		AwakeInstancesAfterBackupRestoration (23ms)
Refreshing native plugins compatible for Editor in 20.69 ms, found 7 plugins.
Preloading 0 native plugins for Editor in 0.00 ms.
Unloading 5575 Unused Serialized files (Serialized files now loaded: 0)
Unloading 34 unused Assets / (321.7 KB). Loaded Objects now: 6218.
Memory consumption went from 193.2 MB to 192.9 MB.
Total: 3.676500 ms (FindLiveObjects: 0.692400 ms CreateObjectMapping: 0.179200 ms MarkObjects: 2.720300 ms  DeleteObjects: 0.083600 ms)

Prepare: number of updated asset objects reloaded= 0
AssetImportParameters requested are different than current active one (requested -> active):
  custom:container-demuxer-ogg: 62fdf1f143b41e24485cea50d1cbac27 -> 
  custom:video-decoder-ogg-theora: a1e56fd34408186e4bbccfd4996cb3dc -> 
  custom:framework-win-MediaFoundation: 216162199b28c13a410421893ffa2e32 -> 
  custom:CustomObjectIndexerAttribute: 72b91833f83ae208fae7752999fa3104 -> 
  custom:container-demuxer-webm: 4f35f7cbe854078d1ac9338744f61a02 -> 
  custom:container-muxer-webm: aa71ff27fc2769a1b78a27578f13a17b -> 
  custom:video-decoder-webm-vp8: 9c59270c3fd7afecdb556c50c9e8de78 -> 
  custom:SearchIndexIgnoredProperties: e643bd26f0fe6173181afceb89e7c659 -> 
  custom:AudioImporter_EditorPlatform: d09bf68614088b80899f8185d706f6e7 -> 
  custom:video-encoder-webm-vp8: eb34c28f22e8b96e1ab97ce403110664 -> 
  custom:audio-decoder-ogg-vorbis: bf7c407c2cedff20999df2af8eb42d56 -> 
  custom:audio-encoder-webm-vorbis: bf7c407c2cedff20999df2af8eb42d56 -> 
========================================================================
Received Import Request.
  Time since last request: 242.420352 seconds.
  path: Assets/Resources/Shapes/New Shape Data 1.asset
  artifactKey: Guid(bbad01042e5595847b204dc73c2010f8) Importer(815301076,1909f56bfc062723c751e8b465ee728b)
Start importing Assets/Resources/Shapes/New Shape Data 1.asset using Guid(bbad01042e5595847b204dc73c2010f8) Importer(815301076,1909f56bfc062723c751e8b465ee728b) [PhysX] Initialized MultithreadedTaskDispatcher with 24 workers.
 -> (artifact id: 'e2d65a5ade00e824853bbe9a1475c9c9') in 0.021744 seconds
Number of updated asset objects reloaded before import = 0
Number of asset objects unloaded after import = 1
========================================================================
Received Import Request.
  Time since last request: 49.503178 seconds.
  path: Assets/Resources/Shapes/Shape1.asset
  artifactKey: Guid(037ac2e59c648ec4da0e5fbc4d54dddc) Importer(815301076,1909f56bfc062723c751e8b465ee728b)
Start importing Assets/Resources/Shapes/Shape1.asset using Guid(037ac2e59c648ec4da0e5fbc4d54dddc) Importer(815301076,1909f56bfc062723c751e8b465ee728b) [PhysX] Initialized MultithreadedTaskDispatcher with 24 workers.
 -> (artifact id: '85c8d95233047dca00f4a0f517d9f893') in 0.001505 seconds
Number of updated asset objects reloaded before import = 0
Number of asset objects unloaded after import = 1
========================================================================
Received Import Request.
  Time since last request: 3.957478 seconds.
  path: Assets/Resources/Shapes/Shape1 1.asset
  artifactKey: Guid(56076ed4d8b1e2644be33b24e0d22744) Importer(815301076,1909f56bfc062723c751e8b465ee728b)
Start importing Assets/Resources/Shapes/Shape1 1.asset using Guid(56076ed4d8b1e2644be33b24e0d22744) Importer(815301076,1909f56bfc062723c751e8b465ee728b) [PhysX] Initialized MultithreadedTaskDispatcher with 24 workers.
 -> (artifact id: '48193a8f859b81797b1ee3ee77c3bfbf') in 0.001163 seconds
Number of updated asset objects reloaded before import = 0
Number of asset objects unloaded after import = 1
========================================================================
Received Import Request.
  Time since last request: 2.263440 seconds.
  path: Assets/Resources/Shapes/Shape2.asset
  artifactKey: Guid(56076ed4d8b1e2644be33b24e0d22744) Importer(815301076,1909f56bfc062723c751e8b465ee728b)
Start importing Assets/Resources/Shapes/Shape2.asset using Guid(56076ed4d8b1e2644be33b24e0d22744) Importer(815301076,1909f56bfc062723c751e8b465ee728b) [PhysX] Initialized MultithreadedTaskDispatcher with 24 workers.
 -> (artifact id: '43c7752d01fbce443c37ba7b94315ae8') in 0.001626 seconds
Number of updated asset objects reloaded before import = 0
Number of asset objects unloaded after import = 1
========================================================================
Received Import Request.
  Time since last request: 6.246835 seconds.
  path: Assets/Resources/Shapes/Shape1.asset
  artifactKey: Guid(037ac2e59c648ec4da0e5fbc4d54dddc) Importer(815301076,1909f56bfc062723c751e8b465ee728b)
Start importing Assets/Resources/Shapes/Shape1.asset using Guid(037ac2e59c648ec4da0e5fbc4d54dddc) Importer(815301076,1909f56bfc062723c751e8b465ee728b) [PhysX] Initialized MultithreadedTaskDispatcher with 24 workers.
 -> (artifact id: 'd7cea75d7ddfe035cd27a4189af72d85') in 0.001387 seconds
Number of updated asset objects reloaded before import = 0
Number of asset objects unloaded after import = 1
========================================================================
Received Import Request.
  Time since last request: 0.626802 seconds.
  path: Assets/Resources/Shapes/Shape2 1.asset
  artifactKey: Guid(de457e66bbeb9da43b9a5d18bce0a1fd) Importer(815301076,1909f56bfc062723c751e8b465ee728b)
Start importing Assets/Resources/Shapes/Shape2 1.asset using Guid(de457e66bbeb9da43b9a5d18bce0a1fd) Importer(815301076,1909f56bfc062723c751e8b465ee728b) [PhysX] Initialized MultithreadedTaskDispatcher with 24 workers.
 -> (artifact id: '5a921ec2a06d83d2b4e4ecfe215a43ef') in 0.001480 seconds
Number of updated asset objects reloaded before import = 0
Number of asset objects unloaded after import = 1
========================================================================
Received Import Request.
  Time since last request: 1.731331 seconds.
  path: Assets/Resources/Shapes/Shape3.asset
  artifactKey: Guid(de457e66bbeb9da43b9a5d18bce0a1fd) Importer(815301076,1909f56bfc062723c751e8b465ee728b)
Start importing Assets/Resources/Shapes/Shape3.asset using Guid(de457e66bbeb9da43b9a5d18bce0a1fd) Importer(815301076,1909f56bfc062723c751e8b465ee728b) [PhysX] Initialized MultithreadedTaskDispatcher with 24 workers.
 -> (artifact id: '2d676d40c909e400a1fc11a9ce4d4394') in 0.001695 seconds
Number of updated asset objects reloaded before import = 0
Number of asset objects unloaded after import = 1
========================================================================
Received Import Request.
  Time since last request: 3.097521 seconds.
  path: Assets/Resources/Shapes/Shape3 1.asset
  artifactKey: Guid(0b2a2b7ad4bb6314384b692012908694) Importer(815301076,1909f56bfc062723c751e8b465ee728b)
Start importing Assets/Resources/Shapes/Shape3 1.asset using Guid(0b2a2b7ad4bb6314384b692012908694) Importer(815301076,1909f56bfc062723c751e8b465ee728b) [PhysX] Initialized MultithreadedTaskDispatcher with 24 workers.
 -> (artifact id: '767803a76261ef621d32430ec90efb0a') in 0.001480 seconds
Number of updated asset objects reloaded before import = 0
Number of asset objects unloaded after import = 1
========================================================================
Received Import Request.
  Time since last request: 1.746678 seconds.
  path: Assets/Resources/Shapes/Shape4.asset
  artifactKey: Guid(0b2a2b7ad4bb6314384b692012908694) Importer(815301076,1909f56bfc062723c751e8b465ee728b)
Start importing Assets/Resources/Shapes/Shape4.asset using Guid(0b2a2b7ad4bb6314384b692012908694) Importer(815301076,1909f56bfc062723c751e8b465ee728b) [PhysX] Initialized MultithreadedTaskDispatcher with 24 workers.
 -> (artifact id: '05731edaf0b373fc397eb5666417d20d') in 0.001434 seconds
Number of updated asset objects reloaded before import = 0
Number of asset objects unloaded after import = 1
========================================================================
Received Import Request.
  Time since last request: 3.081570 seconds.
  path: Assets/Resources/Shapes/Shape4 1.asset
  artifactKey: Guid(d437bc2246360044db20b2cd57a8d0c4) Importer(815301076,1909f56bfc062723c751e8b465ee728b)
Start importing Assets/Resources/Shapes/Shape4 1.asset using Guid(d437bc2246360044db20b2cd57a8d0c4) Importer(815301076,1909f56bfc062723c751e8b465ee728b) [PhysX] Initialized MultithreadedTaskDispatcher with 24 workers.
 -> (artifact id: '201fb2fdf10acce25c5dc342d8b6791b') in 0.001459 seconds
Number of updated asset objects reloaded before import = 0
Number of asset objects unloaded after import = 1
========================================================================
Received Import Request.
  Time since last request: 2.983438 seconds.
  path: Assets/Resources/Shapes/Shape5.asset
  artifactKey: Guid(d437bc2246360044db20b2cd57a8d0c4) Importer(815301076,1909f56bfc062723c751e8b465ee728b)
Start importing Assets/Resources/Shapes/Shape5.asset using Guid(d437bc2246360044db20b2cd57a8d0c4) Importer(815301076,1909f56bfc062723c751e8b465ee728b) [PhysX] Initialized MultithreadedTaskDispatcher with 24 workers.
 -> (artifact id: '0dbd416e0fbc1b3c224b7c02af9ec408') in 0.001718 seconds
Number of updated asset objects reloaded before import = 0
Number of asset objects unloaded after import = 1
========================================================================
Received Import Request.
  Time since last request: 4.896354 seconds.
  path: Assets/Resources/Shapes/Shape4 1.asset
  artifactKey: Guid(4643e010a2c6b36429f990b91e57e66b) Importer(815301076,1909f56bfc062723c751e8b465ee728b)
Start importing Assets/Resources/Shapes/Shape4 1.asset using Guid(4643e010a2c6b36429f990b91e57e66b) Importer(815301076,1909f56bfc062723c751e8b465ee728b) [PhysX] Initialized MultithreadedTaskDispatcher with 24 workers.
 -> (artifact id: '64152683634785a3d715440adce553a9') in 0.001948 seconds
Number of updated asset objects reloaded before import = 0
Number of asset objects unloaded after import = 1
========================================================================
Received Import Request.
  Time since last request: 2.404095 seconds.
  path: Assets/Resources/Shapes/Shape6.asset
  artifactKey: Guid(4643e010a2c6b36429f990b91e57e66b) Importer(815301076,1909f56bfc062723c751e8b465ee728b)
Start importing Assets/Resources/Shapes/Shape6.asset using Guid(4643e010a2c6b36429f990b91e57e66b) Importer(815301076,1909f56bfc062723c751e8b465ee728b) [PhysX] Initialized MultithreadedTaskDispatcher with 24 workers.
 -> (artifact id: '9f1262070dc1395cc6bf2172b3e0e397') in 0.001639 seconds
Number of updated asset objects reloaded before import = 0
Number of asset objects unloaded after import = 1
========================================================================
Received Import Request.
  Time since last request: 4.518542 seconds.
  path: Assets/Resources/Shapes/Shape6 1.asset
  artifactKey: Guid(a657c903696fde24097f6db083cf9a5f) Importer(815301076,1909f56bfc062723c751e8b465ee728b)
Start importing Assets/Resources/Shapes/Shape6 1.asset using Guid(a657c903696fde24097f6db083cf9a5f) Importer(815301076,1909f56bfc062723c751e8b465ee728b) [PhysX] Initialized MultithreadedTaskDispatcher with 24 workers.
 -> (artifact id: '72ef507aac62e59a7f8cd0c3fa68d530') in 0.001705 seconds
Number of updated asset objects reloaded before import = 0
Number of asset objects unloaded after import = 1
========================================================================
Received Import Request.
  Time since last request: 3.608453 seconds.
  path: Assets/Resources/Shapes/Shape7.asset
  artifactKey: Guid(a657c903696fde24097f6db083cf9a5f) Importer(815301076,1909f56bfc062723c751e8b465ee728b)
Start importing Assets/Resources/Shapes/Shape7.asset using Guid(a657c903696fde24097f6db083cf9a5f) Importer(815301076,1909f56bfc062723c751e8b465ee728b) [PhysX] Initialized MultithreadedTaskDispatcher with 24 workers.
 -> (artifact id: '0243829deb9ca96bf4cea25ae3f09f12') in 0.001557 seconds
Number of updated asset objects reloaded before import = 0
Number of asset objects unloaded after import = 1
========================================================================
Received Import Request.
  Time since last request: 4.361544 seconds.
  path: Assets/Resources/Shapes/Shape7 1.asset
  artifactKey: Guid(cbaddaa4ad4221b4482a26a472d7fce2) Importer(815301076,1909f56bfc062723c751e8b465ee728b)
Start importing Assets/Resources/Shapes/Shape7 1.asset using Guid(cbaddaa4ad4221b4482a26a472d7fce2) Importer(815301076,1909f56bfc062723c751e8b465ee728b) [PhysX] Initialized MultithreadedTaskDispatcher with 24 workers.
 -> (artifact id: '0f2894795eaca75a0a810d616e90e470') in 0.001414 seconds
Number of updated asset objects reloaded before import = 0
Number of asset objects unloaded after import = 1
========================================================================
Received Import Request.
  Time since last request: 1.984052 seconds.
  path: Assets/Resources/Shapes/Shape8.asset
  artifactKey: Guid(cbaddaa4ad4221b4482a26a472d7fce2) Importer(815301076,1909f56bfc062723c751e8b465ee728b)
Start importing Assets/Resources/Shapes/Shape8.asset using Guid(cbaddaa4ad4221b4482a26a472d7fce2) Importer(815301076,1909f56bfc062723c751e8b465ee728b) [PhysX] Initialized MultithreadedTaskDispatcher with 24 workers.
 -> (artifact id: 'eb940243663d30b0ddc96fb8ef300195') in 0.001373 seconds
Number of updated asset objects reloaded before import = 0
Number of asset objects unloaded after import = 1
========================================================================
Received Import Request.
  Time since last request: 3.261214 seconds.
  path: Assets/Resources/Shapes/Shape7.asset
  artifactKey: Guid(a657c903696fde24097f6db083cf9a5f) Importer(815301076,1909f56bfc062723c751e8b465ee728b)
Start importing Assets/Resources/Shapes/Shape7.asset using Guid(a657c903696fde24097f6db083cf9a5f) Importer(815301076,1909f56bfc062723c751e8b465ee728b) [PhysX] Initialized MultithreadedTaskDispatcher with 24 workers.
 -> (artifact id: 'a0f0258b3b0876589278be63a4d905d0') in 0.001429 seconds
Number of updated asset objects reloaded before import = 0
Number of asset objects unloaded after import = 1
========================================================================
Received Import Request.
  Time since last request: 0.702700 seconds.
  path: Assets/Resources/Shapes/Shape8 1.asset
  artifactKey: Guid(9ee10a9bfbeb8064c8aa2c9ca83dcb7d) Importer(815301076,1909f56bfc062723c751e8b465ee728b)
Start importing Assets/Resources/Shapes/Shape8 1.asset using Guid(9ee10a9bfbeb8064c8aa2c9ca83dcb7d) Importer(815301076,1909f56bfc062723c751e8b465ee728b) [PhysX] Initialized MultithreadedTaskDispatcher with 24 workers.
 -> (artifact id: '01fd24a67cb3c7c351237a4c0be5e836') in 0.001479 seconds
Number of updated asset objects reloaded before import = 0
Number of asset objects unloaded after import = 1
========================================================================
Received Import Request.
  Time since last request: 0.385368 seconds.
  path: Assets/Resources/Shapes/Shape8.asset
  artifactKey: Guid(cbaddaa4ad4221b4482a26a472d7fce2) Importer(815301076,1909f56bfc062723c751e8b465ee728b)
Start importing Assets/Resources/Shapes/Shape8.asset using Guid(cbaddaa4ad4221b4482a26a472d7fce2) Importer(815301076,1909f56bfc062723c751e8b465ee728b) [PhysX] Initialized MultithreadedTaskDispatcher with 24 workers.
 -> (artifact id: 'f5435ae6df85d54657cd1b5dab2368ae') in 0.001558 seconds
Number of updated asset objects reloaded before import = 0
Number of asset objects unloaded after import = 1
========================================================================
Received Import Request.
  Time since last request: 0.342731 seconds.
  path: Assets/Resources/Shapes/Shape6.asset
  artifactKey: Guid(4643e010a2c6b36429f990b91e57e66b) Importer(815301076,1909f56bfc062723c751e8b465ee728b)
Start importing Assets/Resources/Shapes/Shape6.asset using Guid(4643e010a2c6b36429f990b91e57e66b) Importer(815301076,1909f56bfc062723c751e8b465ee728b) [PhysX] Initialized MultithreadedTaskDispatcher with 24 workers.
 -> (artifact id: 'fafda05e44f7f36f66ef34e5c27631d2') in 0.001591 seconds
Number of updated asset objects reloaded before import = 0
Number of asset objects unloaded after import = 1
========================================================================
Received Import Request.
  Time since last request: 1.597160 seconds.
  path: Assets/Resources/Shapes/Shape7 1.asset
  artifactKey: Guid(cbaddaa4ad4221b4482a26a472d7fce2) Importer(815301076,1909f56bfc062723c751e8b465ee728b)
Start importing Assets/Resources/Shapes/Shape7 1.asset using Guid(cbaddaa4ad4221b4482a26a472d7fce2) Importer(815301076,1909f56bfc062723c751e8b465ee728b) [PhysX] Initialized MultithreadedTaskDispatcher with 24 workers.
 -> (artifact id: '948e2f2776cecec7cd5a816b528ac9bd') in 0.001885 seconds
Number of updated asset objects reloaded before import = 0
Number of asset objects unloaded after import = 1
========================================================================
Received Import Request.
  Time since last request: 9.640354 seconds.
  path: Assets/Resources/Shapes/Shape9.asset
  artifactKey: Guid(9ee10a9bfbeb8064c8aa2c9ca83dcb7d) Importer(815301076,1909f56bfc062723c751e8b465ee728b)
Start importing Assets/Resources/Shapes/Shape9.asset using Guid(9ee10a9bfbeb8064c8aa2c9ca83dcb7d) Importer(815301076,1909f56bfc062723c751e8b465ee728b) [PhysX] Initialized MultithreadedTaskDispatcher with 24 workers.
 -> (artifact id: '07f4439a6d10ebb4062ccd09f3470876') in 0.001476 seconds
Number of updated asset objects reloaded before import = 0
Number of asset objects unloaded after import = 1
========================================================================
Received Import Request.
  Time since last request: 14.465287 seconds.
  path: Assets/Resources/Shapes/Shape9 1.asset
  artifactKey: Guid(498d4f9f8b1b6e94ebb4ccaba0656c95) Importer(815301076,1909f56bfc062723c751e8b465ee728b)
Start importing Assets/Resources/Shapes/Shape9 1.asset using Guid(498d4f9f8b1b6e94ebb4ccaba0656c95) Importer(815301076,1909f56bfc062723c751e8b465ee728b) [PhysX] Initialized MultithreadedTaskDispatcher with 24 workers.
 -> (artifact id: '6408df2bba2ea7dcd728196fa70ca889') in 0.001773 seconds
Number of updated asset objects reloaded before import = 0
Number of asset objects unloaded after import = 1
========================================================================
Received Import Request.
  Time since last request: 3.104116 seconds.
  path: Assets/Resources/Shapes/Shape10.asset
  artifactKey: Guid(498d4f9f8b1b6e94ebb4ccaba0656c95) Importer(815301076,1909f56bfc062723c751e8b465ee728b)
Start importing Assets/Resources/Shapes/Shape10.asset using Guid(498d4f9f8b1b6e94ebb4ccaba0656c95) Importer(815301076,1909f56bfc062723c751e8b465ee728b) [PhysX] Initialized MultithreadedTaskDispatcher with 24 workers.
 -> (artifact id: '0c94b6b112709f17ce129ee20ecc7ea4') in 0.001447 seconds
Number of updated asset objects reloaded before import = 0
Number of asset objects unloaded after import = 1
========================================================================
Received Import Request.
  Time since last request: 5.500006 seconds.
  path: Assets/Resources/Shapes/Shape10 1.asset
  artifactKey: Guid(5394a3536f16ba84894c53de43e17bc5) Importer(815301076,1909f56bfc062723c751e8b465ee728b)
Start importing Assets/Resources/Shapes/Shape10 1.asset using Guid(5394a3536f16ba84894c53de43e17bc5) Importer(815301076,1909f56bfc062723c751e8b465ee728b) [PhysX] Initialized MultithreadedTaskDispatcher with 24 workers.
 -> (artifact id: '5065d99499ecff8f8763fcdca6f77608') in 0.001475 seconds
Number of updated asset objects reloaded before import = 0
Number of asset objects unloaded after import = 1
========================================================================
Received Import Request.
  Time since last request: 1.698471 seconds.
  path: Assets/Resources/Shapes/Shape11.asset
  artifactKey: Guid(5394a3536f16ba84894c53de43e17bc5) Importer(815301076,1909f56bfc062723c751e8b465ee728b)
Start importing Assets/Resources/Shapes/Shape11.asset using Guid(5394a3536f16ba84894c53de43e17bc5) Importer(815301076,1909f56bfc062723c751e8b465ee728b) [PhysX] Initialized MultithreadedTaskDispatcher with 24 workers.
 -> (artifact id: 'c30c517dcf95897e6b26094bf1f8076e') in 0.001995 seconds
Number of updated asset objects reloaded before import = 0
Number of asset objects unloaded after import = 1
========================================================================
Received Import Request.
  Time since last request: 2.121238 seconds.
  path: Assets/Resources/Shapes/Shape10 1.asset
  artifactKey: Guid(54da232d77adeff41987d561eaaa3edc) Importer(815301076,1909f56bfc062723c751e8b465ee728b)
Start importing Assets/Resources/Shapes/Shape10 1.asset using Guid(54da232d77adeff41987d561eaaa3edc) Importer(815301076,1909f56bfc062723c751e8b465ee728b) [PhysX] Initialized MultithreadedTaskDispatcher with 24 workers.
 -> (artifact id: '2f69b71bfadcd7f2f3b98292532d5ebc') in 0.001412 seconds
Number of updated asset objects reloaded before import = 0
Number of asset objects unloaded after import = 1
========================================================================
Received Import Request.
  Time since last request: 1.088003 seconds.
  path: Assets/Resources/Shapes/Shape11.asset
  artifactKey: Guid(5394a3536f16ba84894c53de43e17bc5) Importer(815301076,1909f56bfc062723c751e8b465ee728b)
Start importing Assets/Resources/Shapes/Shape11.asset using Guid(5394a3536f16ba84894c53de43e17bc5) Importer(815301076,1909f56bfc062723c751e8b465ee728b) [PhysX] Initialized MultithreadedTaskDispatcher with 24 workers.
 -> (artifact id: '17eee0a629466ecaf7785602263b1c3a') in 0.001544 seconds
Number of updated asset objects reloaded before import = 0
Number of asset objects unloaded after import = 1
========================================================================
Received Import Request.
  Time since last request: 2.063063 seconds.
  path: Assets/Resources/Shapes/Shape10.asset
  artifactKey: Guid(498d4f9f8b1b6e94ebb4ccaba0656c95) Importer(815301076,1909f56bfc062723c751e8b465ee728b)
Start importing Assets/Resources/Shapes/Shape10.asset using Guid(498d4f9f8b1b6e94ebb4ccaba0656c95) Importer(815301076,1909f56bfc062723c751e8b465ee728b) [PhysX] Initialized MultithreadedTaskDispatcher with 24 workers.
 -> (artifact id: 'a38b728eb3656f609bb175593a37d339') in 0.001220 seconds
Number of updated asset objects reloaded before import = 0
Number of asset objects unloaded after import = 1
========================================================================
Received Import Request.
  Time since last request: 1.347155 seconds.
  path: Assets/Resources/Shapes/Shape11 1.asset
  artifactKey: Guid(6b71a81b6eb66b84ba3079276d958913) Importer(815301076,1909f56bfc062723c751e8b465ee728b)
Start importing Assets/Resources/Shapes/Shape11 1.asset using Guid(6b71a81b6eb66b84ba3079276d958913) Importer(815301076,1909f56bfc062723c751e8b465ee728b) [PhysX] Initialized MultithreadedTaskDispatcher with 24 workers.
 -> (artifact id: 'd54a7bb4609728999d79cd9fbe9d11b7') in 0.001396 seconds
Number of updated asset objects reloaded before import = 0
Number of asset objects unloaded after import = 1
========================================================================
Received Import Request.
  Time since last request: 1.810384 seconds.
  path: Assets/Resources/Shapes/Shape12.asset
  artifactKey: Guid(6b71a81b6eb66b84ba3079276d958913) Importer(815301076,1909f56bfc062723c751e8b465ee728b)
Start importing Assets/Resources/Shapes/Shape12.asset using Guid(6b71a81b6eb66b84ba3079276d958913) Importer(815301076,1909f56bfc062723c751e8b465ee728b) [PhysX] Initialized MultithreadedTaskDispatcher with 24 workers.
 -> (artifact id: 'a2ee2806d748c320df30a71309556ce5') in 0.001491 seconds
Number of updated asset objects reloaded before import = 0
Number of asset objects unloaded after import = 1
========================================================================
Received Import Request.
  Time since last request: 4.010454 seconds.
  path: Assets/Resources/Shapes/Shape12 1.asset
  artifactKey: Guid(7befe76410850714a831a9ca25e79800) Importer(815301076,1909f56bfc062723c751e8b465ee728b)
Start importing Assets/Resources/Shapes/Shape12 1.asset using Guid(7befe76410850714a831a9ca25e79800) Importer(815301076,1909f56bfc062723c751e8b465ee728b) [PhysX] Initialized MultithreadedTaskDispatcher with 24 workers.
 -> (artifact id: 'b8cb900ed87f6ef1f24f1cd49222d181') in 0.001594 seconds
Number of updated asset objects reloaded before import = 0
Number of asset objects unloaded after import = 1
========================================================================
Received Import Request.
  Time since last request: 3.075807 seconds.
  path: Assets/Resources/Shapes/Shape13.asset
  artifactKey: Guid(7befe76410850714a831a9ca25e79800) Importer(815301076,1909f56bfc062723c751e8b465ee728b)
Start importing Assets/Resources/Shapes/Shape13.asset using Guid(7befe76410850714a831a9ca25e79800) Importer(815301076,1909f56bfc062723c751e8b465ee728b) [PhysX] Initialized MultithreadedTaskDispatcher with 24 workers.
 -> (artifact id: '0c6644ef03d39ee1fbcb781f2f2f054f') in 0.001528 seconds
Number of updated asset objects reloaded before import = 0
Number of asset objects unloaded after import = 1
========================================================================
Received Import Request.
  Time since last request: 6.322692 seconds.
  path: Assets/Resources/Shapes/Shape13 1.asset
  artifactKey: Guid(fffc59678e9dc2a47a89a681438191bf) Importer(815301076,1909f56bfc062723c751e8b465ee728b)
Start importing Assets/Resources/Shapes/Shape13 1.asset using Guid(fffc59678e9dc2a47a89a681438191bf) Importer(815301076,1909f56bfc062723c751e8b465ee728b) [PhysX] Initialized MultithreadedTaskDispatcher with 24 workers.
 -> (artifact id: '55b09426057a0db663999e4402e68b76') in 0.001059 seconds
Number of updated asset objects reloaded before import = 0
Number of asset objects unloaded after import = 1
========================================================================
Received Import Request.
  Time since last request: 0.794900 seconds.
  path: Assets/Resources/Shapes/Shape13.asset
  artifactKey: Guid(7befe76410850714a831a9ca25e79800) Importer(815301076,1909f56bfc062723c751e8b465ee728b)
Start importing Assets/Resources/Shapes/Shape13.asset using Guid(7befe76410850714a831a9ca25e79800) Importer(815301076,1909f56bfc062723c751e8b465ee728b) [PhysX] Initialized MultithreadedTaskDispatcher with 24 workers.
 -> (artifact id: 'ab19c5595d713ceaf986a6ba2fff5c7f') in 0.001538 seconds
Number of updated asset objects reloaded before import = 0
Number of asset objects unloaded after import = 1
========================================================================
Received Import Request.
  Time since last request: 1.979922 seconds.
  path: Assets/Resources/Shapes/Shape14.asset
  artifactKey: Guid(fffc59678e9dc2a47a89a681438191bf) Importer(815301076,1909f56bfc062723c751e8b465ee728b)
Start importing Assets/Resources/Shapes/Shape14.asset using Guid(fffc59678e9dc2a47a89a681438191bf) Importer(815301076,1909f56bfc062723c751e8b465ee728b) [PhysX] Initialized MultithreadedTaskDispatcher with 24 workers.
 -> (artifact id: '05f9ca0935052d758e68507ebe07fd46') in 0.001702 seconds
Number of updated asset objects reloaded before import = 0
Number of asset objects unloaded after import = 1
========================================================================
Received Import Request.
  Time since last request: 4.558274 seconds.
  path: Assets/Resources/Shapes/Shape14 1.asset
  artifactKey: Guid(c2a6c684a0b9d684eb3e33e06f7b37ed) Importer(815301076,1909f56bfc062723c751e8b465ee728b)
Start importing Assets/Resources/Shapes/Shape14 1.asset using Guid(c2a6c684a0b9d684eb3e33e06f7b37ed) Importer(815301076,1909f56bfc062723c751e8b465ee728b) [PhysX] Initialized MultithreadedTaskDispatcher with 24 workers.
 -> (artifact id: 'dc3b0058a1a6966145c2c6dde5f0bfe4') in 0.001375 seconds
Number of updated asset objects reloaded before import = 0
Number of asset objects unloaded after import = 1
========================================================================
Received Import Request.
  Time since last request: 4.617563 seconds.
  path: Assets/Resources/Shapes/Shape15.asset
  artifactKey: Guid(c2a6c684a0b9d684eb3e33e06f7b37ed) Importer(815301076,1909f56bfc062723c751e8b465ee728b)
Start importing Assets/Resources/Shapes/Shape15.asset using Guid(c2a6c684a0b9d684eb3e33e06f7b37ed) Importer(815301076,1909f56bfc062723c751e8b465ee728b) [PhysX] Initialized MultithreadedTaskDispatcher with 24 workers.
 -> (artifact id: '6d7f9ca68b739a12aec1aa85221a45c4') in 0.001623 seconds
Number of updated asset objects reloaded before import = 0
Number of asset objects unloaded after import = 1
========================================================================
Received Import Request.
  Time since last request: 4.823190 seconds.
  path: Assets/Resources/Shapes/Shape15 1.asset
  artifactKey: Guid(6d928c2a2576a6e4bbc5ad39b9bbcdd1) Importer(815301076,1909f56bfc062723c751e8b465ee728b)
Start importing Assets/Resources/Shapes/Shape15 1.asset using Guid(6d928c2a2576a6e4bbc5ad39b9bbcdd1) Importer(815301076,1909f56bfc062723c751e8b465ee728b) [PhysX] Initialized MultithreadedTaskDispatcher with 24 workers.
 -> (artifact id: 'af371caa2ec21b9366ae1bd47d9c3409') in 0.001515 seconds
Number of updated asset objects reloaded before import = 0
Number of asset objects unloaded after import = 1
========================================================================
Received Import Request.
  Time since last request: 3.914332 seconds.
  path: Assets/Resources/Shapes/Shape16.asset
  artifactKey: Guid(6d928c2a2576a6e4bbc5ad39b9bbcdd1) Importer(815301076,1909f56bfc062723c751e8b465ee728b)
Start importing Assets/Resources/Shapes/Shape16.asset using Guid(6d928c2a2576a6e4bbc5ad39b9bbcdd1) Importer(815301076,1909f56bfc062723c751e8b465ee728b) [PhysX] Initialized MultithreadedTaskDispatcher with 24 workers.
 -> (artifact id: '8530d2065fc3c2ba2e03dfbcc6f36a27') in 0.001383 seconds
Number of updated asset objects reloaded before import = 0
Number of asset objects unloaded after import = 1
========================================================================
Received Import Request.
  Time since last request: 6.190977 seconds.
  path: Assets/Resources/Shapes/Shape16 1.asset
  artifactKey: Guid(31b3c6a1180057a479cf5a274fae714b) Importer(815301076,1909f56bfc062723c751e8b465ee728b)
Start importing Assets/Resources/Shapes/Shape16 1.asset using Guid(31b3c6a1180057a479cf5a274fae714b) Importer(815301076,1909f56bfc062723c751e8b465ee728b) [PhysX] Initialized MultithreadedTaskDispatcher with 24 workers.
 -> (artifact id: 'fb42ab74e480f394e5f8fd10137d5a14') in 0.001411 seconds
Number of updated asset objects reloaded before import = 0
Number of asset objects unloaded after import = 1
========================================================================
Received Import Request.
  Time since last request: 1.825516 seconds.
  path: Assets/Resources/Shapes/Shape17.asset
  artifactKey: Guid(31b3c6a1180057a479cf5a274fae714b) Importer(815301076,1909f56bfc062723c751e8b465ee728b)
Start importing Assets/Resources/Shapes/Shape17.asset using Guid(31b3c6a1180057a479cf5a274fae714b) Importer(815301076,1909f56bfc062723c751e8b465ee728b) [PhysX] Initialized MultithreadedTaskDispatcher with 24 workers.
 -> (artifact id: 'a71f3532c2dd0c0f80d663c5887752ae') in 0.001436 seconds
Number of updated asset objects reloaded before import = 0
Number of asset objects unloaded after import = 1
========================================================================
Received Import Request.
  Time since last request: 4.755378 seconds.
  path: Assets/Resources/Shapes/Shape17 1.asset
  artifactKey: Guid(96e0120531337744cbaedef473deaaa4) Importer(815301076,1909f56bfc062723c751e8b465ee728b)
Start importing Assets/Resources/Shapes/Shape17 1.asset using Guid(96e0120531337744cbaedef473deaaa4) Importer(815301076,1909f56bfc062723c751e8b465ee728b) [PhysX] Initialized MultithreadedTaskDispatcher with 24 workers.
 -> (artifact id: 'ae49dea858e700ecf90fca77ca77dce0') in 0.001439 seconds
Number of updated asset objects reloaded before import = 0
Number of asset objects unloaded after import = 1
========================================================================
Received Import Request.
  Time since last request: 1.734760 seconds.
  path: Assets/Resources/Shapes/Shape18.asset
  artifactKey: Guid(96e0120531337744cbaedef473deaaa4) Importer(815301076,1909f56bfc062723c751e8b465ee728b)
Start importing Assets/Resources/Shapes/Shape18.asset using Guid(96e0120531337744cbaedef473deaaa4) Importer(815301076,1909f56bfc062723c751e8b465ee728b) [PhysX] Initialized MultithreadedTaskDispatcher with 24 workers.
 -> (artifact id: '4fcffc87de7f61ea1822d464bf8f4259') in 0.001416 seconds
Number of updated asset objects reloaded before import = 0
Number of asset objects unloaded after import = 1
========================================================================
Received Import Request.
  Time since last request: 4.613282 seconds.
  path: Assets/Resources/Shapes/Shape18 1.asset
  artifactKey: Guid(627ea9d029e14b842802ae4b419a5816) Importer(815301076,1909f56bfc062723c751e8b465ee728b)
Start importing Assets/Resources/Shapes/Shape18 1.asset using Guid(627ea9d029e14b842802ae4b419a5816) Importer(815301076,1909f56bfc062723c751e8b465ee728b) [PhysX] Initialized MultithreadedTaskDispatcher with 24 workers.
 -> (artifact id: 'f9db0d293d23057cc51ee399a4e8c07e') in 0.001467 seconds
Number of updated asset objects reloaded before import = 0
Number of asset objects unloaded after import = 1
========================================================================
Received Import Request.
  Time since last request: 2.352612 seconds.
  path: Assets/Resources/Shapes/Shape19.asset
  artifactKey: Guid(627ea9d029e14b842802ae4b419a5816) Importer(815301076,1909f56bfc062723c751e8b465ee728b)
Start importing Assets/Resources/Shapes/Shape19.asset using Guid(627ea9d029e14b842802ae4b419a5816) Importer(815301076,1909f56bfc062723c751e8b465ee728b) [PhysX] Initialized MultithreadedTaskDispatcher with 24 workers.
 -> (artifact id: 'd52281fc6e044c4e5e2e1fd0813407ae') in 0.001489 seconds
Number of updated asset objects reloaded before import = 0
Number of asset objects unloaded after import = 1
========================================================================
Received Import Request.
  Time since last request: 5.444750 seconds.
  path: Assets/Resources/Shapes/Shape19 1.asset
  artifactKey: Guid(a2fc6449565187b42b869852dfc6be5b) Importer(815301076,1909f56bfc062723c751e8b465ee728b)
Start importing Assets/Resources/Shapes/Shape19 1.asset using Guid(a2fc6449565187b42b869852dfc6be5b) Importer(815301076,1909f56bfc062723c751e8b465ee728b) [PhysX] Initialized MultithreadedTaskDispatcher with 24 workers.
 -> (artifact id: '14aeab0ed9c9309c7031c691e28da717') in 0.001400 seconds
Number of updated asset objects reloaded before import = 0
Number of asset objects unloaded after import = 1
========================================================================
Received Import Request.
  Time since last request: 2.427583 seconds.
  path: Assets/Resources/Shapes/Shape20.asset
  artifactKey: Guid(a2fc6449565187b42b869852dfc6be5b) Importer(815301076,1909f56bfc062723c751e8b465ee728b)
Start importing Assets/Resources/Shapes/Shape20.asset using Guid(a2fc6449565187b42b869852dfc6be5b) Importer(815301076,1909f56bfc062723c751e8b465ee728b) [PhysX] Initialized MultithreadedTaskDispatcher with 24 workers.
 -> (artifact id: 'ed24440fca8cd21cd987be7c1057b2d6') in 0.001409 seconds
Number of updated asset objects reloaded before import = 0
Number of asset objects unloaded after import = 1
========================================================================
Received Import Request.
  Time since last request: 8.091528 seconds.
  path: Assets/Resources/Shapes/Shape20 1.asset
  artifactKey: Guid(d859b1859c3570246a34ca627479f602) Importer(815301076,1909f56bfc062723c751e8b465ee728b)
Start importing Assets/Resources/Shapes/Shape20 1.asset using Guid(d859b1859c3570246a34ca627479f602) Importer(815301076,1909f56bfc062723c751e8b465ee728b) [PhysX] Initialized MultithreadedTaskDispatcher with 24 workers.
 -> (artifact id: 'f6d596587f78cb7d7edf551c824c3e98') in 0.001403 seconds
Number of updated asset objects reloaded before import = 0
Number of asset objects unloaded after import = 1
========================================================================
Received Import Request.
  Time since last request: 3.163616 seconds.
  path: Assets/Resources/Shapes/Shape21.asset
  artifactKey: Guid(d859b1859c3570246a34ca627479f602) Importer(815301076,1909f56bfc062723c751e8b465ee728b)
Start importing Assets/Resources/Shapes/Shape21.asset using Guid(d859b1859c3570246a34ca627479f602) Importer(815301076,1909f56bfc062723c751e8b465ee728b) [PhysX] Initialized MultithreadedTaskDispatcher with 24 workers.
 -> (artifact id: '32a7536cf8b7ea6d4b09dc44fa9c1c6e') in 0.001126 seconds
Number of updated asset objects reloaded before import = 0
Number of asset objects unloaded after import = 1
========================================================================
Received Import Request.
  Time since last request: 4.479584 seconds.
  path: Assets/Resources/Shapes/Shape21 1.asset
  artifactKey: Guid(88f610666351f1c498f9ce1e29be0ec7) Importer(815301076,1909f56bfc062723c751e8b465ee728b)
Start importing Assets/Resources/Shapes/Shape21 1.asset using Guid(88f610666351f1c498f9ce1e29be0ec7) Importer(815301076,1909f56bfc062723c751e8b465ee728b) [PhysX] Initialized MultithreadedTaskDispatcher with 24 workers.
 -> (artifact id: '535da43fbc3aa01dd1c5c17486a87b0b') in 0.001419 seconds
Number of updated asset objects reloaded before import = 0
Number of asset objects unloaded after import = 1
========================================================================
Received Import Request.
  Time since last request: 2.427786 seconds.
  path: Assets/Resources/Shapes/Shape22.asset
  artifactKey: Guid(88f610666351f1c498f9ce1e29be0ec7) Importer(815301076,1909f56bfc062723c751e8b465ee728b)
Start importing Assets/Resources/Shapes/Shape22.asset using Guid(88f610666351f1c498f9ce1e29be0ec7) Importer(815301076,1909f56bfc062723c751e8b465ee728b) [PhysX] Initialized MultithreadedTaskDispatcher with 24 workers.
 -> (artifact id: '4149ef51c199e9206248e0340bbca53e') in 0.001219 seconds
Number of updated asset objects reloaded before import = 0
Number of asset objects unloaded after import = 1
========================================================================
Received Import Request.
  Time since last request: 4.640616 seconds.
  path: Assets/Resources/Shapes/Shape22 1.asset
  artifactKey: Guid(2ab6d9d0df22bbf448d5c95689b45644) Importer(815301076,1909f56bfc062723c751e8b465ee728b)
Start importing Assets/Resources/Shapes/Shape22 1.asset using Guid(2ab6d9d0df22bbf448d5c95689b45644) Importer(815301076,1909f56bfc062723c751e8b465ee728b) [PhysX] Initialized MultithreadedTaskDispatcher with 24 workers.
 -> (artifact id: 'd39c1e972a0ce16a82821b5856217f3c') in 0.004759 seconds
Number of updated asset objects reloaded before import = 0
Number of asset objects unloaded after import = 1
========================================================================
Received Import Request.
  Time since last request: 4.304514 seconds.
  path: Assets/Resources/Shapes/Shape23.asset
  artifactKey: Guid(2ab6d9d0df22bbf448d5c95689b45644) Importer(815301076,1909f56bfc062723c751e8b465ee728b)
Start importing Assets/Resources/Shapes/Shape23.asset using Guid(2ab6d9d0df22bbf448d5c95689b45644) Importer(815301076,1909f56bfc062723c751e8b465ee728b) [PhysX] Initialized MultithreadedTaskDispatcher with 24 workers.
 -> (artifact id: '63f34bc2aa04e6ef0e405116e6409aa5') in 0.001357 seconds
Number of updated asset objects reloaded before import = 0
Number of asset objects unloaded after import = 1
========================================================================
Received Import Request.
  Time since last request: 5.420758 seconds.
  path: Assets/Resources/Shapes/Shape23 1.asset
  artifactKey: Guid(6f7c92fb1c917ca49b5b292cf02e0a42) Importer(815301076,1909f56bfc062723c751e8b465ee728b)
Start importing Assets/Resources/Shapes/Shape23 1.asset using Guid(6f7c92fb1c917ca49b5b292cf02e0a42) Importer(815301076,1909f56bfc062723c751e8b465ee728b) [PhysX] Initialized MultithreadedTaskDispatcher with 24 workers.
 -> (artifact id: '7f11df574e47edf089c182527d5f0f4f') in 0.002388 seconds
Number of updated asset objects reloaded before import = 0
Number of asset objects unloaded after import = 1
========================================================================
Received Import Request.
  Time since last request: 2.888928 seconds.
  path: Assets/Resources/Shapes/Shape24.asset
  artifactKey: Guid(6f7c92fb1c917ca49b5b292cf02e0a42) Importer(815301076,1909f56bfc062723c751e8b465ee728b)
Start importing Assets/Resources/Shapes/Shape24.asset using Guid(6f7c92fb1c917ca49b5b292cf02e0a42) Importer(815301076,1909f56bfc062723c751e8b465ee728b) [PhysX] Initialized MultithreadedTaskDispatcher with 24 workers.
 -> (artifact id: '74422b5e43ad26b1fd6e3504a2748d2b') in 0.001435 seconds
Number of updated asset objects reloaded before import = 0
Number of asset objects unloaded after import = 1
========================================================================
Received Import Request.
  Time since last request: 5.630085 seconds.
  path: Assets/Resources/Shapes/Shape24 1.asset
  artifactKey: Guid(c843f54b2eb439e468be2e465267c93d) Importer(815301076,1909f56bfc062723c751e8b465ee728b)
Start importing Assets/Resources/Shapes/Shape24 1.asset using Guid(c843f54b2eb439e468be2e465267c93d) Importer(815301076,1909f56bfc062723c751e8b465ee728b) [PhysX] Initialized MultithreadedTaskDispatcher with 24 workers.
 -> (artifact id: 'cb0928d5c8e6006e285f83a6efd78f2c') in 0.001479 seconds
Number of updated asset objects reloaded before import = 0
Number of asset objects unloaded after import = 1
========================================================================
Received Import Request.
  Time since last request: 1.778561 seconds.
  path: Assets/Resources/Shapes/Shape25.asset
  artifactKey: Guid(c843f54b2eb439e468be2e465267c93d) Importer(815301076,1909f56bfc062723c751e8b465ee728b)
Start importing Assets/Resources/Shapes/Shape25.asset using Guid(c843f54b2eb439e468be2e465267c93d) Importer(815301076,1909f56bfc062723c751e8b465ee728b) [PhysX] Initialized MultithreadedTaskDispatcher with 24 workers.
 -> (artifact id: 'a466cb66e6cd23ba3039e1262656b7c8') in 0.001294 seconds
Number of updated asset objects reloaded before import = 0
Number of asset objects unloaded after import = 1
========================================================================
Received Import Request.
  Time since last request: 4.818740 seconds.
  path: Assets/Resources/Shapes/Shape24.asset
  artifactKey: Guid(6f7c92fb1c917ca49b5b292cf02e0a42) Importer(815301076,1909f56bfc062723c751e8b465ee728b)
Start importing Assets/Resources/Shapes/Shape24.asset using Guid(6f7c92fb1c917ca49b5b292cf02e0a42) Importer(815301076,1909f56bfc062723c751e8b465ee728b) [PhysX] Initialized MultithreadedTaskDispatcher with 24 workers.
 -> (artifact id: '57f6b0101211fbf9bda03e0de531ab46') in 0.001486 seconds
Number of updated asset objects reloaded before import = 0
Number of asset objects unloaded after import = 1
========================================================================
Received Import Request.
  Time since last request: 0.707805 seconds.
  path: Assets/Resources/Shapes/Shape25 1.asset
  artifactKey: Guid(38323eac24779614bb2b38bd10c8855e) Importer(815301076,1909f56bfc062723c751e8b465ee728b)
Start importing Assets/Resources/Shapes/Shape25 1.asset using Guid(38323eac24779614bb2b38bd10c8855e) Importer(815301076,1909f56bfc062723c751e8b465ee728b) [PhysX] Initialized MultithreadedTaskDispatcher with 24 workers.
 -> (artifact id: 'b935a5fe6c39bc0092f57b0ca1c3f18e') in 0.001019 seconds
Number of updated asset objects reloaded before import = 0
Number of asset objects unloaded after import = 1
========================================================================
Received Import Request.
  Time since last request: 2.590465 seconds.
  path: Assets/Resources/Shapes/Shape26.asset
  artifactKey: Guid(38323eac24779614bb2b38bd10c8855e) Importer(815301076,1909f56bfc062723c751e8b465ee728b)
Start importing Assets/Resources/Shapes/Shape26.asset using Guid(38323eac24779614bb2b38bd10c8855e) Importer(815301076,1909f56bfc062723c751e8b465ee728b) [PhysX] Initialized MultithreadedTaskDispatcher with 24 workers.
 -> (artifact id: 'e770bfffaa7c9bc3e3789d3c1f07edf8') in 0.001424 seconds
Number of updated asset objects reloaded before import = 0
Number of asset objects unloaded after import = 1
========================================================================
Received Import Request.
  Time since last request: 5.259416 seconds.
  path: Assets/Resources/Shapes/Shape26 1.asset
  artifactKey: Guid(68dffbf839528ff41b0278c15b1dc908) Importer(815301076,1909f56bfc062723c751e8b465ee728b)
Start importing Assets/Resources/Shapes/Shape26 1.asset using Guid(68dffbf839528ff41b0278c15b1dc908) Importer(815301076,1909f56bfc062723c751e8b465ee728b) [PhysX] Initialized MultithreadedTaskDispatcher with 24 workers.
 -> (artifact id: 'd79af98fafc5d790bae76507a42fcb0a') in 0.001270 seconds
Number of updated asset objects reloaded before import = 0
Number of asset objects unloaded after import = 1
========================================================================
Received Import Request.
  Time since last request: 3.622869 seconds.
  path: Assets/Resources/Shapes/Shape27.asset
  artifactKey: Guid(68dffbf839528ff41b0278c15b1dc908) Importer(815301076,1909f56bfc062723c751e8b465ee728b)
Start importing Assets/Resources/Shapes/Shape27.asset using Guid(68dffbf839528ff41b0278c15b1dc908) Importer(815301076,1909f56bfc062723c751e8b465ee728b) [PhysX] Initialized MultithreadedTaskDispatcher with 24 workers.
 -> (artifact id: 'd0d2cf08d04843445429a12b32cc1a7c') in 0.001412 seconds
Number of updated asset objects reloaded before import = 0
Number of asset objects unloaded after import = 1
========================================================================
Received Import Request.
  Time since last request: 17.202616 seconds.
  path: Assets/Resources/Shapes/Shape27 1.asset
  artifactKey: Guid(6f80ea4cc141d1d49b6b8d21448e1952) Importer(815301076,1909f56bfc062723c751e8b465ee728b)
Start importing Assets/Resources/Shapes/Shape27 1.asset using Guid(6f80ea4cc141d1d49b6b8d21448e1952) Importer(815301076,1909f56bfc062723c751e8b465ee728b) [PhysX] Initialized MultithreadedTaskDispatcher with 24 workers.
 -> (artifact id: 'd7276927be967b2106dd6a5d2fca4e41') in 0.001373 seconds
Number of updated asset objects reloaded before import = 0
Number of asset objects unloaded after import = 1
========================================================================
Received Import Request.
  Time since last request: 2.001742 seconds.
  path: Assets/Resources/Shapes/Shape28.asset
  artifactKey: Guid(6f80ea4cc141d1d49b6b8d21448e1952) Importer(815301076,1909f56bfc062723c751e8b465ee728b)
Start importing Assets/Resources/Shapes/Shape28.asset using Guid(6f80ea4cc141d1d49b6b8d21448e1952) Importer(815301076,1909f56bfc062723c751e8b465ee728b) [PhysX] Initialized MultithreadedTaskDispatcher with 24 workers.
 -> (artifact id: 'e67c002d18e74048e5ae71e4fc4e8f8c') in 0.001296 seconds
Number of updated asset objects reloaded before import = 0
Number of asset objects unloaded after import = 1
========================================================================
Received Import Request.
  Time since last request: 6.250099 seconds.
  path: Assets/Resources/Shapes/Shape28 1.asset
  artifactKey: Guid(87f261eb5418d414aaadc7568a877ee5) Importer(815301076,1909f56bfc062723c751e8b465ee728b)
Start importing Assets/Resources/Shapes/Shape28 1.asset using Guid(87f261eb5418d414aaadc7568a877ee5) Importer(815301076,1909f56bfc062723c751e8b465ee728b) [PhysX] Initialized MultithreadedTaskDispatcher with 24 workers.
 -> (artifact id: '79905448f89f3f6e4684c47b8e39dd03') in 0.001182 seconds
Number of updated asset objects reloaded before import = 0
Number of asset objects unloaded after import = 1
========================================================================
Received Import Request.
  Time since last request: 2.709315 seconds.
  path: Assets/Resources/Shapes/Shape29.asset
  artifactKey: Guid(87f261eb5418d414aaadc7568a877ee5) Importer(815301076,1909f56bfc062723c751e8b465ee728b)
Start importing Assets/Resources/Shapes/Shape29.asset using Guid(87f261eb5418d414aaadc7568a877ee5) Importer(815301076,1909f56bfc062723c751e8b465ee728b) [PhysX] Initialized MultithreadedTaskDispatcher with 24 workers.
 -> (artifact id: '8e4e02d23b2e93c38f67cfb22d4a872f') in 0.001593 seconds
Number of updated asset objects reloaded before import = 0
Number of asset objects unloaded after import = 1
========================================================================
Received Import Request.
  Time since last request: 4.187499 seconds.
  path: Assets/Resources/Shapes/Shape29 1.asset
  artifactKey: Guid(fba52264d6b78c44b86691054a5f5b31) Importer(815301076,1909f56bfc062723c751e8b465ee728b)
Start importing Assets/Resources/Shapes/Shape29 1.asset using Guid(fba52264d6b78c44b86691054a5f5b31) Importer(815301076,1909f56bfc062723c751e8b465ee728b) [PhysX] Initialized MultithreadedTaskDispatcher with 24 workers.
 -> (artifact id: 'a42e4024dafd055c280e2b41237bd695') in 0.001455 seconds
Number of updated asset objects reloaded before import = 0
Number of asset objects unloaded after import = 1
========================================================================
Received Import Request.
  Time since last request: 2.478199 seconds.
  path: Assets/Resources/Shapes/Shape30.asset
  artifactKey: Guid(fba52264d6b78c44b86691054a5f5b31) Importer(815301076,1909f56bfc062723c751e8b465ee728b)
Start importing Assets/Resources/Shapes/Shape30.asset using Guid(fba52264d6b78c44b86691054a5f5b31) Importer(815301076,1909f56bfc062723c751e8b465ee728b) [PhysX] Initialized MultithreadedTaskDispatcher with 24 workers.
 -> (artifact id: '1bd08e452da1eb0e5d32a6b43d16f200') in 0.001442 seconds
Number of updated asset objects reloaded before import = 0
Number of asset objects unloaded after import = 1
========================================================================
Received Import Request.
  Time since last request: 4.301203 seconds.
  path: Assets/Resources/Shapes/Shape30 1.asset
  artifactKey: Guid(a01f67491e2ec014a8ac1f16f77e489b) Importer(815301076,1909f56bfc062723c751e8b465ee728b)
Start importing Assets/Resources/Shapes/Shape30 1.asset using Guid(a01f67491e2ec014a8ac1f16f77e489b) Importer(815301076,1909f56bfc062723c751e8b465ee728b) [PhysX] Initialized MultithreadedTaskDispatcher with 24 workers.
 -> (artifact id: 'e8d7f6216b18ac58f5d962f819ed1b6c') in 0.001305 seconds
Number of updated asset objects reloaded before import = 0
Number of asset objects unloaded after import = 1
========================================================================
Received Import Request.
  Time since last request: 1.820412 seconds.
  path: Assets/Resources/Shapes/Shape31.asset
  artifactKey: Guid(a01f67491e2ec014a8ac1f16f77e489b) Importer(815301076,1909f56bfc062723c751e8b465ee728b)
Start importing Assets/Resources/Shapes/Shape31.asset using Guid(a01f67491e2ec014a8ac1f16f77e489b) Importer(815301076,1909f56bfc062723c751e8b465ee728b) [PhysX] Initialized MultithreadedTaskDispatcher with 24 workers.
 -> (artifact id: 'e78129cf9581589c5ab619ebc973ec04') in 0.001647 seconds
Number of updated asset objects reloaded before import = 0
Number of asset objects unloaded after import = 1
========================================================================
Received Import Request.
  Time since last request: 6.516418 seconds.
  path: Assets/Resources/Shapes/Shape31 1.asset
  artifactKey: Guid(b566ba80b3760ce40b48063b2739fd1a) Importer(815301076,1909f56bfc062723c751e8b465ee728b)
Start importing Assets/Resources/Shapes/Shape31 1.asset using Guid(b566ba80b3760ce40b48063b2739fd1a) Importer(815301076,1909f56bfc062723c751e8b465ee728b) [PhysX] Initialized MultithreadedTaskDispatcher with 24 workers.
 -> (artifact id: '7e4380a2f8eaeff4539aef6d6703d6f3') in 0.001345 seconds
Number of updated asset objects reloaded before import = 0
Number of asset objects unloaded after import = 1
========================================================================
Received Import Request.
  Time since last request: 2.676973 seconds.
  path: Assets/Resources/Shapes/Shape32.asset
  artifactKey: Guid(b566ba80b3760ce40b48063b2739fd1a) Importer(815301076,1909f56bfc062723c751e8b465ee728b)
Start importing Assets/Resources/Shapes/Shape32.asset using Guid(b566ba80b3760ce40b48063b2739fd1a) Importer(815301076,1909f56bfc062723c751e8b465ee728b) [PhysX] Initialized MultithreadedTaskDispatcher with 24 workers.
 -> (artifact id: '92b402b40340ee8059b8cdca5ec5b34e') in 0.001327 seconds
Number of updated asset objects reloaded before import = 0
Number of asset objects unloaded after import = 1
========================================================================
Received Import Request.
  Time since last request: 4.976948 seconds.
  path: Assets/Resources/Shapes/Shape32 1.asset
  artifactKey: Guid(13724d2047af64c44a0c45baf454ec88) Importer(815301076,1909f56bfc062723c751e8b465ee728b)
Start importing Assets/Resources/Shapes/Shape32 1.asset using Guid(13724d2047af64c44a0c45baf454ec88) Importer(815301076,1909f56bfc062723c751e8b465ee728b) [PhysX] Initialized MultithreadedTaskDispatcher with 24 workers.
 -> (artifact id: '6d2790e744d400960c09386b0a43efc2') in 0.001855 seconds
Number of updated asset objects reloaded before import = 0
Number of asset objects unloaded after import = 1
========================================================================
Received Import Request.
  Time since last request: 2.438135 seconds.
  path: Assets/Resources/Shapes/Shape33.asset
  artifactKey: Guid(13724d2047af64c44a0c45baf454ec88) Importer(815301076,1909f56bfc062723c751e8b465ee728b)
Start importing Assets/Resources/Shapes/Shape33.asset using Guid(13724d2047af64c44a0c45baf454ec88) Importer(815301076,1909f56bfc062723c751e8b465ee728b) [PhysX] Initialized MultithreadedTaskDispatcher with 24 workers.
 -> (artifact id: 'bcd9b3ba629efb72aa2f1b0afef126b8') in 0.001426 seconds
Number of updated asset objects reloaded before import = 0
Number of asset objects unloaded after import = 1
========================================================================
Received Import Request.
  Time since last request: 5.683279 seconds.
  path: Assets/Resources/Shapes/Shape33 1.asset
  artifactKey: Guid(16e37ca70e5924849b3d17f561013094) Importer(815301076,1909f56bfc062723c751e8b465ee728b)
Start importing Assets/Resources/Shapes/Shape33 1.asset using Guid(16e37ca70e5924849b3d17f561013094) Importer(815301076,1909f56bfc062723c751e8b465ee728b) [PhysX] Initialized MultithreadedTaskDispatcher with 24 workers.
 -> (artifact id: 'd700461a2588e3bf5ae9dc1cf04d1a94') in 0.001490 seconds
Number of updated asset objects reloaded before import = 0
Number of asset objects unloaded after import = 1
========================================================================
Received Import Request.
  Time since last request: 1.678404 seconds.
  path: Assets/Resources/Shapes/Shape34.asset
  artifactKey: Guid(16e37ca70e5924849b3d17f561013094) Importer(815301076,1909f56bfc062723c751e8b465ee728b)
Start importing Assets/Resources/Shapes/Shape34.asset using Guid(16e37ca70e5924849b3d17f561013094) Importer(815301076,1909f56bfc062723c751e8b465ee728b) [PhysX] Initialized MultithreadedTaskDispatcher with 24 workers.
 -> (artifact id: 'c0c0f630f1a9e2154ef121d82ab216ea') in 0.001292 seconds
Number of updated asset objects reloaded before import = 0
Number of asset objects unloaded after import = 1
========================================================================
Received Import Request.
  Time since last request: 3.643315 seconds.
  path: Assets/Resources/Shapes/Shape33.asset
  artifactKey: Guid(13724d2047af64c44a0c45baf454ec88) Importer(815301076,1909f56bfc062723c751e8b465ee728b)
Start importing Assets/Resources/Shapes/Shape33.asset using Guid(13724d2047af64c44a0c45baf454ec88) Importer(815301076,1909f56bfc062723c751e8b465ee728b) [PhysX] Initialized MultithreadedTaskDispatcher with 24 workers.
 -> (artifact id: 'b4baf5b0a04dda64ebf44967c3e995b3') in 0.001417 seconds
Number of updated asset objects reloaded before import = 0
Number of asset objects unloaded after import = 1
========================================================================
Received Import Request.
  Time since last request: 0.638554 seconds.
  path: Assets/Resources/Shapes/Shape34 1.asset
  artifactKey: Guid(58d5ac17daf43c54fa77e32d6a192c90) Importer(815301076,1909f56bfc062723c751e8b465ee728b)
Start importing Assets/Resources/Shapes/Shape34 1.asset using Guid(58d5ac17daf43c54fa77e32d6a192c90) Importer(815301076,1909f56bfc062723c751e8b465ee728b) [PhysX] Initialized MultithreadedTaskDispatcher with 24 workers.
 -> (artifact id: '79068a3d93e7343c14e04bc45fd824b5') in 0.001439 seconds
Number of updated asset objects reloaded before import = 0
Number of asset objects unloaded after import = 1
========================================================================
Received Import Request.
  Time since last request: 3.015088 seconds.
  path: Assets/Resources/Shapes/Shape35.asset
  artifactKey: Guid(58d5ac17daf43c54fa77e32d6a192c90) Importer(815301076,1909f56bfc062723c751e8b465ee728b)
Start importing Assets/Resources/Shapes/Shape35.asset using Guid(58d5ac17daf43c54fa77e32d6a192c90) Importer(815301076,1909f56bfc062723c751e8b465ee728b) [PhysX] Initialized MultithreadedTaskDispatcher with 24 workers.
 -> (artifact id: '21d7c3d2cca1cb6019fe19daa61274b0') in 0.001438 seconds
Number of updated asset objects reloaded before import = 0
Number of asset objects unloaded after import = 1
========================================================================
Received Import Request.
  Time since last request: 6.125553 seconds.
  path: Assets/Resources/Shapes/Shape35 1.asset
  artifactKey: Guid(52a7624ccce1e9840be873b295d58ecc) Importer(815301076,1909f56bfc062723c751e8b465ee728b)
Start importing Assets/Resources/Shapes/Shape35 1.asset using Guid(52a7624ccce1e9840be873b295d58ecc) Importer(815301076,1909f56bfc062723c751e8b465ee728b) [PhysX] Initialized MultithreadedTaskDispatcher with 24 workers.
 -> (artifact id: '542a8fd93b7aa601efa049beb1c3262e') in 0.001096 seconds
Number of updated asset objects reloaded before import = 0
Number of asset objects unloaded after import = 1
========================================================================
Received Import Request.
  Time since last request: 1.714767 seconds.
  path: Assets/Resources/Shapes/Shape36.asset
  artifactKey: Guid(52a7624ccce1e9840be873b295d58ecc) Importer(815301076,1909f56bfc062723c751e8b465ee728b)
Start importing Assets/Resources/Shapes/Shape36.asset using Guid(52a7624ccce1e9840be873b295d58ecc) Importer(815301076,1909f56bfc062723c751e8b465ee728b) [PhysX] Initialized MultithreadedTaskDispatcher with 24 workers.
 -> (artifact id: '9494e6bc000914510840cd71f790c250') in 0.001520 seconds
Number of updated asset objects reloaded before import = 0
Number of asset objects unloaded after import = 1
========================================================================
Received Import Request.
  Time since last request: 4.949231 seconds.
  path: Assets/Resources/Shapes/Shape36 1.asset
  artifactKey: Guid(77aed7e9100fbba4ca058c1d49272c10) Importer(815301076,1909f56bfc062723c751e8b465ee728b)
Start importing Assets/Resources/Shapes/Shape36 1.asset using Guid(77aed7e9100fbba4ca058c1d49272c10) Importer(815301076,1909f56bfc062723c751e8b465ee728b) [PhysX] Initialized MultithreadedTaskDispatcher with 24 workers.
 -> (artifact id: '2ec62aa1f60a12b47397a2f4d9186db1') in 0.001170 seconds
Number of updated asset objects reloaded before import = 0
Number of asset objects unloaded after import = 1
========================================================================
Received Import Request.
  Time since last request: 1.664605 seconds.
  path: Assets/Resources/Shapes/Shape37.asset
  artifactKey: Guid(77aed7e9100fbba4ca058c1d49272c10) Importer(815301076,1909f56bfc062723c751e8b465ee728b)
Start importing Assets/Resources/Shapes/Shape37.asset using Guid(77aed7e9100fbba4ca058c1d49272c10) Importer(815301076,1909f56bfc062723c751e8b465ee728b) [PhysX] Initialized MultithreadedTaskDispatcher with 24 workers.
 -> (artifact id: 'e1a007ad085da6fa9f9dbeaac63837fb') in 0.001485 seconds
Number of updated asset objects reloaded before import = 0
Number of asset objects unloaded after import = 1
========================================================================
Received Import Request.
  Time since last request: 3.662530 seconds.
  path: Assets/Resources/Shapes/Shape37 1.asset
  artifactKey: Guid(4f478d2c6fc4e4c4b95e07126dbda8f1) Importer(815301076,1909f56bfc062723c751e8b465ee728b)
Start importing Assets/Resources/Shapes/Shape37 1.asset using Guid(4f478d2c6fc4e4c4b95e07126dbda8f1) Importer(815301076,1909f56bfc062723c751e8b465ee728b) [PhysX] Initialized MultithreadedTaskDispatcher with 24 workers.
 -> (artifact id: '9b09666dbc3f87f27b9cead1adbd1c5e') in 0.001542 seconds
Number of updated asset objects reloaded before import = 0
Number of asset objects unloaded after import = 1
========================================================================
Received Import Request.
  Time since last request: 1.595838 seconds.
  path: Assets/Resources/Shapes/Shape38.asset
  artifactKey: Guid(4f478d2c6fc4e4c4b95e07126dbda8f1) Importer(815301076,1909f56bfc062723c751e8b465ee728b)
Start importing Assets/Resources/Shapes/Shape38.asset using Guid(4f478d2c6fc4e4c4b95e07126dbda8f1) Importer(815301076,1909f56bfc062723c751e8b465ee728b) [PhysX] Initialized MultithreadedTaskDispatcher with 24 workers.
 -> (artifact id: 'a5fb7481b603564ba45f0969d57fef54') in 0.001392 seconds
Number of updated asset objects reloaded before import = 0
Number of asset objects unloaded after import = 1
========================================================================
Received Import Request.
  Time since last request: 4.795858 seconds.
  path: Assets/Resources/Shapes/Shape38 1.asset
  artifactKey: Guid(7c8de0f821180874a9d673f10e930459) Importer(815301076,1909f56bfc062723c751e8b465ee728b)
Start importing Assets/Resources/Shapes/Shape38 1.asset using Guid(7c8de0f821180874a9d673f10e930459) Importer(815301076,1909f56bfc062723c751e8b465ee728b) [PhysX] Initialized MultithreadedTaskDispatcher with 24 workers.
 -> (artifact id: 'b535b1192006e6a097c59e16657eec86') in 0.001508 seconds
Number of updated asset objects reloaded before import = 0
Number of asset objects unloaded after import = 1
========================================================================
Received Import Request.
  Time since last request: 3.878353 seconds.
  path: Assets/Resources/Shapes/Shape39.asset
  artifactKey: Guid(7c8de0f821180874a9d673f10e930459) Importer(815301076,1909f56bfc062723c751e8b465ee728b)
Start importing Assets/Resources/Shapes/Shape39.asset using Guid(7c8de0f821180874a9d673f10e930459) Importer(815301076,1909f56bfc062723c751e8b465ee728b) [PhysX] Initialized MultithreadedTaskDispatcher with 24 workers.
 -> (artifact id: '40ef1356a45d911f1a47ef9548dddb25') in 0.001439 seconds
Number of updated asset objects reloaded before import = 0
Number of asset objects unloaded after import = 1
========================================================================
Received Import Request.
  Time since last request: 13.126837 seconds.
  path: Assets/Resources/Shapes/Shape39 1.asset
  artifactKey: Guid(26eabd7f9b700e4458c6d1989625b16f) Importer(815301076,1909f56bfc062723c751e8b465ee728b)
Start importing Assets/Resources/Shapes/Shape39 1.asset using Guid(26eabd7f9b700e4458c6d1989625b16f) Importer(815301076,1909f56bfc062723c751e8b465ee728b) [PhysX] Initialized MultithreadedTaskDispatcher with 24 workers.
 -> (artifact id: '7468cbb53f828215cd10f3fce089ec2d') in 0.001115 seconds
Number of updated asset objects reloaded before import = 0
Number of asset objects unloaded after import = 1
========================================================================
Received Import Request.
  Time since last request: 2.417855 seconds.
  path: Assets/Resources/Shapes/Shape40.asset
  artifactKey: Guid(26eabd7f9b700e4458c6d1989625b16f) Importer(815301076,1909f56bfc062723c751e8b465ee728b)
Start importing Assets/Resources/Shapes/Shape40.asset using Guid(26eabd7f9b700e4458c6d1989625b16f) Importer(815301076,1909f56bfc062723c751e8b465ee728b) [PhysX] Initialized MultithreadedTaskDispatcher with 24 workers.
 -> (artifact id: 'a9851f62a9e36de9b3411f99e5ca782c') in 0.001563 seconds
Number of updated asset objects reloaded before import = 0
Number of asset objects unloaded after import = 1
========================================================================
Received Import Request.
  Time since last request: 4.202717 seconds.
  path: Assets/Resources/Shapes/Shape40 1.asset
  artifactKey: Guid(ca884872ee66a3b438fd9f4c60da5be7) Importer(815301076,1909f56bfc062723c751e8b465ee728b)
Start importing Assets/Resources/Shapes/Shape40 1.asset using Guid(ca884872ee66a3b438fd9f4c60da5be7) Importer(815301076,1909f56bfc062723c751e8b465ee728b) [PhysX] Initialized MultithreadedTaskDispatcher with 24 workers.
 -> (artifact id: '1aaa5490c8a5de5ed3166890e3e872f8') in 0.001233 seconds
Number of updated asset objects reloaded before import = 0
Number of asset objects unloaded after import = 1
========================================================================
Received Import Request.
  Time since last request: 2.227610 seconds.
  path: Assets/Resources/Shapes/Shape41.asset
  artifactKey: Guid(ca884872ee66a3b438fd9f4c60da5be7) Importer(815301076,1909f56bfc062723c751e8b465ee728b)
Start importing Assets/Resources/Shapes/Shape41.asset using Guid(ca884872ee66a3b438fd9f4c60da5be7) Importer(815301076,1909f56bfc062723c751e8b465ee728b) [PhysX] Initialized MultithreadedTaskDispatcher with 24 workers.
 -> (artifact id: '4efa3f53ce38ec49d83b0634c272c4ec') in 0.001535 seconds
Number of updated asset objects reloaded before import = 0
Number of asset objects unloaded after import = 1
========================================================================
Received Import Request.
  Time since last request: 5.781730 seconds.
  path: Assets/Resources/Shapes/Shape41 1.asset
  artifactKey: Guid(61c500e04ed04ae46896c3ebfd8c30fc) Importer(815301076,1909f56bfc062723c751e8b465ee728b)
Start importing Assets/Resources/Shapes/Shape41 1.asset using Guid(61c500e04ed04ae46896c3ebfd8c30fc) Importer(815301076,1909f56bfc062723c751e8b465ee728b) [PhysX] Initialized MultithreadedTaskDispatcher with 24 workers.
 -> (artifact id: 'acd203e350453a7dc8c5c3973a3481b5') in 0.001027 seconds
Number of updated asset objects reloaded before import = 0
Number of asset objects unloaded after import = 1
========================================================================
Received Import Request.
  Time since last request: 2.555525 seconds.
  path: Assets/Resources/Shapes/Shape42.asset
  artifactKey: Guid(61c500e04ed04ae46896c3ebfd8c30fc) Importer(815301076,1909f56bfc062723c751e8b465ee728b)
Start importing Assets/Resources/Shapes/Shape42.asset using Guid(61c500e04ed04ae46896c3ebfd8c30fc) Importer(815301076,1909f56bfc062723c751e8b465ee728b) [PhysX] Initialized MultithreadedTaskDispatcher with 24 workers.
 -> (artifact id: 'd3ef2a179d8a8869f637e502db964db0') in 0.001470 seconds
Number of updated asset objects reloaded before import = 0
Number of asset objects unloaded after import = 1
